<?xml version="1.0" encoding="UTF-8"?>
<testsuite name="RestAssuredAPIAutomation"
           tests="4"
           failures="0"
           errors="0"
           skipped="0"
           time="0.078">
    <properties></properties>



            <testcase
                name="testDeleteBookingById"
                time="0.000"
                classname="com.theRohitKingKohali.integrationtc.SampleTC">
            </testcase>
            <testcase
                name="testCreateBooking"
                time="0.062"
                classname="com.theRohitKingKohali.integrationtc.SampleTC">
            </testcase>
            <testcase
                name="testVerifyBookingId"
                time="0.000"
                classname="com.theRohitKingKohali.integrationtc.SampleTC">
            </testcase>
            <testcase
                name="testUpdateBookingByID"
                time="0.016"
                classname="com.theRohitKingKohali.integrationtc.SampleTC">
            </testcase>
</testsuite>
